âš  Authentication failed


MODULE 1: Authentication & Authorization

  âœ— Admin Login (Expected 200, got HTTP 000)
  âœ— Request OTP (Expected 200, got HTTP 000)
[0;31mâœ— Module 1 FAILED[0m


MODULE 2: Customer Portal

  âœ“ Test Endpoint (HTTP 200)
  âœ“ Get Packages (HTTP 200)
  âœ“ Customer Dashboard (HTTP 200)
  âœ— Customer Profile (Expected , got HTTP 500)
    Error: Type definition error: [simple type, class org.hibernate.proxy.pojo.bytebuddy.ByteBuddyInterceptor]
  âœ“ Customer Usage (HTTP 200)
  âœ“ Customer Payments (HTTP 200)
  âœ“ Validate Voucher (HTTP 200)
  âœ“ Session Status (HTTP 200)
  âœ“ Process Payment (HTTP 200)
[0;31mâœ— Module 2 FAILED[0m


MODULE 10: Loyalty Program

  âœ— Loyalty Progress (Expected 200, got HTTP 403)
  âœ“ All Rewards (HTTP 403)
[0;31mâœ— Module 10 FAILED[0m


MODULE 18: Support Tickets

  âœ— Ticket Statistics (Expected 200, got HTTP 403)
[0;31mâœ— Module 18 FAILED[0m


COMPLETE MODULE TEST SUMMARY

Total Modules Tested: 4
[0;32mPassed Modules: 0[0m
[0;31mFailed Modules: 4[0m

Total Endpoint Tests: 14
[0;32mPassed Tests: 9[0m
[0;31mFailed Tests: 5[0m

Pass Rate: 64%
Module Pass Rate: 0%


MODULE RESULTS

[0;31mâœ— Support Tickets: FAILED[0m
[0;31mâœ— Loyalty Program: FAILED[0m
[0;31mâœ— Customer Portal: FAILED[0m
[0;31mâœ— Authentication & Authorization: FAILED[0m

Results saved to: docs/testing/complete-module-test-20251204-094230.txt

[1;33mâ•”â•â•â•â•â•â•â•â•â•â•â•â•â•â•â•â•â•â•â•â•â•â•â•â•â•â•â•â•â•â•â•â•â•â•â•â•â•â•â•â•â•â•â•â•â•â•â•â•â•â•â•â•â•â•â•â•â•—[0m
[1;33mâ•‘     SOME MODULES FAILED - REVIEW RESULTS              â•‘[0m
[1;33mâ•šâ•â•â•â•â•â•â•â•â•â•â•â•â•â•â•â•â•â•â•â•â•â•â•â•â•â•â•â•â•â•â•â•â•â•â•â•â•â•â•â•â•â•â•â•â•â•â•â•â•â•â•â•â•â•â•â•â•[0m
