âœ“ Authentication successful


MODULE 1: AUTHENTICATION & AUTHORIZATION

  âœ“ Admin Login (HTTP 200)
  âœ“ Request OTP (HTTP 200)
[0;32mâœ“ Module 1 PASSED[0m


MODULE 2: CUSTOMER PORTAL

  âœ“ Test Endpoint (HTTP 200)
  âœ“ Get Packages (HTTP 200)
  âœ“ Customer Dashboard (HTTP 200)
  âœ— Customer Profile (Expected , got HTTP 500)
    Error: Type definition error: [simple type, class org.hibernate.proxy.pojo.bytebuddy.ByteBuddyInterceptor]
  âœ“ Customer Usage (HTTP 200)
  âœ“ Customer Payments (HTTP 200)
  âœ“ Validate Voucher (HTTP 200)
  âœ“ Session Status (HTTP 200)
  âœ“ Process Payment (HTTP 200)
[0;31mâœ— Module 2 FAILED[0m


MODULE 3: ADMIN PORTAL

  âœ“ Admin Health (HTTP 200)
  âœ“ Admin Dashboard (HTTP 200)
  âœ“ Dashboard Stats (HTTP 200)
  âœ“ List Users (HTTP 200)
  âœ“ Router Status (HTTP 200)
[0;32mâœ“ Module 3 PASSED[0m


MODULE 4: CUSTOMER MANAGEMENT

  âœ“ List Customers (HTTP 200)
  âœ“ Active Customers (HTTP 200)
  âœ“ Customer Statistics (HTTP 200)
[0;32mâœ“ Module 4 PASSED[0m


MODULE 5: PACKAGE MANAGEMENT

  âœ“ List Packages (HTTP 200)
  âœ“ Package Analytics (HTTP 200)
[0;32mâœ“ Module 5 PASSED[0m


MODULE 6: VOUCHER MANAGEMENT

  âœ— List Vouchers (Expected 200, got HTTP 500)
    Error: Type definition error: [simple type, class org.hibernate.proxy.pojo.bytebuddy.ByteBuddyInterceptor]
  âœ“ Active Vouchers (HTTP 200)
  âœ“ Unused Vouchers (HTTP 200)
  âœ“ Voucher Statistics (HTTP 200)
  âœ“ Voucher Analytics (HTTP 200)
[0;31mâœ— Module 6 FAILED[0m


MODULE 7: PAYMENT PROCESSING

  âœ“ List Payments (HTTP 200)
  âœ“ Payment Statistics (HTTP 200)
  âœ“ Payment Analytics (HTTP 200)
[0;32mâœ“ Module 7 PASSED[0m


MODULE 8: INVOICE MANAGEMENT

  âœ“ List Invoices (HTTP 200)
  âœ“ Paid Invoices (HTTP 200)
  âœ“ Unpaid Invoices (HTTP 200)
  âœ“ Invoice Statistics (HTTP 200)
[0;32mâœ“ Module 8 PASSED[0m


MODULE 10: LOYALTY PROGRAM

  âœ“ Loyalty Progress (HTTP 403)
  âœ— All Rewards (Expected , got HTTP 500)
    Error: No static resource api/v1/loyalty/rewards.
  âœ— Top Customers (Expected 200, got HTTP 500)
    Error: No static resource api/v1/loyalty/top-customers.
  âœ— Loyalty Tiers (Expected 200, got HTTP 500)
    Error: No static resource api/v1/loyalty/tiers.
[0;31mâœ— Module 10 FAILED[0m


MODULE TEST SUMMARY

Total Modules Tested: 9
[0;32mPassed Modules: 6[0m
[0;31mFailed Modules: 3[0m

Total Endpoint Tests: 37
[0;32mPassed Tests: 32[0m
[0;31mFailed Tests: 5[0m

Pass Rate: 86%
Module Pass Rate: 66%

Results saved to: docs/testing/module-test-results-20251204-091010.txt

[1;33mâ•”â•â•â•â•â•â•â•â•â•â•â•â•â•â•â•â•â•â•â•â•â•â•â•â•â•â•â•â•â•â•â•â•â•â•â•â•â•â•â•â•â•â•â•â•â•â•â•â•â•â•â•â•â•â•â•â•â•—[0m
[1;33mâ•‘     SOME MODULES FAILED - REVIEW RESULTS              â•‘[0m
[1;33mâ•šâ•â•â•â•â•â•â•â•â•â•â•â•â•â•â•â•â•â•â•â•â•â•â•â•â•â•â•â•â•â•â•â•â•â•â•â•â•â•â•â•â•â•â•â•â•â•â•â•â•â•â•â•â•â•â•â•â•[0m
